2025-05-25 11:26:01,498 - uvicorn.error - INFO - Started server process [152]
2025-05-25 11:26:01,502 - uvicorn.error - INFO - Waiting for application startup.
2025-05-25 11:26:01,505 - uvicorn.error - INFO - Application startup complete.
2025-05-25 11:26:01,757 - uvicorn.error - ERROR - Traceback (most recent call last):
  File "C:\Users\User\AppData\Local\Programs\Python\Python313\Lib\asyncio\runners.py", line 118, in run
    return self._loop.run_until_complete(task)
           ~~~~~~~~~~~~~~~~~~~~~~~~~~~~~^^^^^^
  File "C:\Users\User\AppData\Local\Programs\Python\Python313\Lib\asyncio\base_events.py", line 719, in run_until_complete
    return future.result()
           ~~~~~~~~~~~~~^^
asyncio.exceptions.CancelledError

During handling of the above exception, another exception occurred:

Traceback (most recent call last):
  File "C:\Users\User\AppData\Local\Programs\Python\Python313\Lib\asyncio\runners.py", line 195, in run
    return runner.run(main)
           ~~~~~~~~~~^^^^^^
  File "C:\Users\User\AppData\Local\Programs\Python\Python313\Lib\asyncio\runners.py", line 123, in run
    raise KeyboardInterrupt()
KeyboardInterrupt

During handling of the above exception, another exception occurred:

Traceback (most recent call last):
  File "C:\Users\User\Documents\college\Project\Expense-Tracker\backend\venv\Lib\site-packages\starlette\routing.py", line 699, in lifespan
    await receive()
  File "C:\Users\User\Documents\college\Project\Expense-Tracker\backend\venv\Lib\site-packages\uvicorn\lifespan\on.py", line 137, in receive
    return await self.receive_queue.get()
           ^^^^^^^^^^^^^^^^^^^^^^^^^^^^^^
  File "C:\Users\User\AppData\Local\Programs\Python\Python313\Lib\asyncio\queues.py", line 186, in get
    await getter
asyncio.exceptions.CancelledError

2025-05-25 11:26:03,178 - uvicorn.error - INFO - Started server process [15500]
2025-05-25 11:26:03,180 - uvicorn.error - INFO - Waiting for application startup.
2025-05-25 11:26:03,182 - uvicorn.error - INFO - Application startup complete.
2025-05-25 11:28:23,466 - uvicorn.error - INFO - Shutting down
2025-05-25 11:28:23,576 - uvicorn.error - INFO - Waiting for application shutdown.
2025-05-25 11:28:23,580 - uvicorn.error - INFO - Application shutdown complete.
2025-05-25 11:28:23,584 - uvicorn.error - INFO - Finished server process [15500]
